  main.c
c:\users\bilocan\documents\th\gui\praktikum\analogclock\main.c(35): warning C4133: "=": Inkompatible Typen - von "const char *" zu "LPCWSTR"
c:\users\bilocan\documents\th\gui\praktikum\analogclock\main.c(39): warning C4133: "Funktion": Inkompatible Typen - von "char [7]" zu "LPCWSTR"
c:\users\bilocan\documents\th\gui\praktikum\analogclock\main.c(47): warning C4133: "Funktion": Inkompatible Typen - von "const char [17]" zu "LPCWSTR"
c:\users\bilocan\documents\th\gui\praktikum\analogclock\main.c(60): warning C4133: "Funktion": Inkompatible Typen - von "char [7]" zu "LPCWSTR"
c:\users\bilocan\documents\th\gui\praktikum\analogclock\main.c(119): warning C4244: "Funktion": Konvertierung von "double" in "int", möglicher Datenverlust
c:\users\bilocan\documents\th\gui\praktikum\analogclock\main.c(120): warning C4244: "Funktion": Konvertierung von "double" in "int", möglicher Datenverlust
c:\users\bilocan\documents\th\gui\praktikum\analogclock\main.c(126): warning C4244: "Funktion": Konvertierung von "double" in "int", möglicher Datenverlust
c:\users\bilocan\documents\th\gui\praktikum\analogclock\main.c(127): warning C4244: "Funktion": Konvertierung von "double" in "int", möglicher Datenverlust
c:\users\bilocan\documents\th\gui\praktikum\analogclock\main.c(129): warning C4244: "Funktion": Konvertierung von "double" in "int", möglicher Datenverlust
c:\users\bilocan\documents\th\gui\praktikum\analogclock\main.c(130): warning C4244: "Funktion": Konvertierung von "double" in "int", möglicher Datenverlust
c:\users\bilocan\documents\th\gui\praktikum\analogclock\main.c(132): warning C4244: "Funktion": Konvertierung von "double" in "int", möglicher Datenverlust
c:\users\bilocan\documents\th\gui\praktikum\analogclock\main.c(133): warning C4244: "Funktion": Konvertierung von "double" in "int", möglicher Datenverlust
c:\users\bilocan\documents\th\gui\praktikum\analogclock\main.c(140): warning C4244: "Funktion": Konvertierung von "double" in "int", möglicher Datenverlust
c:\users\bilocan\documents\th\gui\praktikum\analogclock\main.c(141): warning C4244: "Funktion": Konvertierung von "double" in "int", möglicher Datenverlust
c:\users\bilocan\documents\th\gui\praktikum\analogclock\main.c(142): warning C4244: "Funktion": Konvertierung von "double" in "int", möglicher Datenverlust
c:\users\bilocan\documents\th\gui\praktikum\analogclock\main.c(143): warning C4244: "Funktion": Konvertierung von "double" in "int", möglicher Datenverlust
c:\users\bilocan\documents\th\gui\praktikum\analogclock\main.c(144): warning C4244: "Funktion": Konvertierung von "double" in "int", möglicher Datenverlust
c:\users\bilocan\documents\th\gui\praktikum\analogclock\main.c(145): warning C4244: "Funktion": Konvertierung von "double" in "int", möglicher Datenverlust
c:\users\bilocan\documents\th\gui\praktikum\analogclock\main.c(146): warning C4244: "Funktion": Konvertierung von "double" in "int", möglicher Datenverlust
c:\users\bilocan\documents\th\gui\praktikum\analogclock\main.c(147): warning C4244: "Funktion": Konvertierung von "double" in "int", möglicher Datenverlust
c:\users\bilocan\documents\th\gui\praktikum\analogclock\main.c(149): warning C4244: "Funktion": Konvertierung von "double" in "int", möglicher Datenverlust
c:\users\bilocan\documents\th\gui\praktikum\analogclock\main.c(150): warning C4244: "Funktion": Konvertierung von "double" in "int", möglicher Datenverlust
c:\users\bilocan\documents\th\gui\praktikum\analogclock\main.c(152): warning C4244: "Funktion": Konvertierung von "double" in "int", möglicher Datenverlust
c:\users\bilocan\documents\th\gui\praktikum\analogclock\main.c(153): warning C4244: "Funktion": Konvertierung von "double" in "int", möglicher Datenverlust
c:\users\bilocan\documents\th\gui\praktikum\analogclock\main.c(154): warning C4244: "Funktion": Konvertierung von "double" in "int", möglicher Datenverlust
c:\users\bilocan\documents\th\gui\praktikum\analogclock\main.c(155): warning C4244: "Funktion": Konvertierung von "double" in "int", möglicher Datenverlust
c:\users\bilocan\documents\th\gui\praktikum\analogclock\main.c(157): warning C4244: "Funktion": Konvertierung von "double" in "int", möglicher Datenverlust
c:\users\bilocan\documents\th\gui\praktikum\analogclock\main.c(158): warning C4244: "Funktion": Konvertierung von "double" in "int", möglicher Datenverlust
c:\users\bilocan\documents\th\gui\praktikum\analogclock\main.c(159): warning C4244: "Funktion": Konvertierung von "double" in "int", möglicher Datenverlust
c:\users\bilocan\documents\th\gui\praktikum\analogclock\main.c(160): warning C4244: "Funktion": Konvertierung von "double" in "int", möglicher Datenverlust
c:\users\bilocan\documents\th\gui\praktikum\analogclock\main.c(161): warning C4244: "Funktion": Konvertierung von "double" in "int", möglicher Datenverlust
c:\users\bilocan\documents\th\gui\praktikum\analogclock\main.c(162): warning C4244: "Funktion": Konvertierung von "double" in "int", möglicher Datenverlust
c:\users\bilocan\documents\th\gui\praktikum\analogclock\main.c(164): warning C4244: "Funktion": Konvertierung von "double" in "int", möglicher Datenverlust
c:\users\bilocan\documents\th\gui\praktikum\analogclock\main.c(165): warning C4244: "Funktion": Konvertierung von "double" in "int", möglicher Datenverlust
c:\users\bilocan\documents\th\gui\praktikum\analogclock\main.c(166): warning C4244: "Funktion": Konvertierung von "double" in "int", möglicher Datenverlust
c:\users\bilocan\documents\th\gui\praktikum\analogclock\main.c(167): warning C4244: "Funktion": Konvertierung von "double" in "int", möglicher Datenverlust
c:\users\bilocan\documents\th\gui\praktikum\analogclock\main.c(168): warning C4244: "Funktion": Konvertierung von "double" in "int", möglicher Datenverlust
c:\users\bilocan\documents\th\gui\praktikum\analogclock\main.c(169): warning C4244: "Funktion": Konvertierung von "double" in "int", möglicher Datenverlust
c:\users\bilocan\documents\th\gui\praktikum\analogclock\main.c(171): warning C4244: "Funktion": Konvertierung von "double" in "int", möglicher Datenverlust
c:\users\bilocan\documents\th\gui\praktikum\analogclock\main.c(172): warning C4244: "Funktion": Konvertierung von "double" in "int", möglicher Datenverlust
c:\users\bilocan\documents\th\gui\praktikum\analogclock\main.c(173): warning C4244: "Funktion": Konvertierung von "double" in "int", möglicher Datenverlust
c:\users\bilocan\documents\th\gui\praktikum\analogclock\main.c(174): warning C4244: "Funktion": Konvertierung von "double" in "int", möglicher Datenverlust
c:\users\bilocan\documents\th\gui\praktikum\analogclock\main.c(176): warning C4244: "Funktion": Konvertierung von "double" in "int", möglicher Datenverlust
c:\users\bilocan\documents\th\gui\praktikum\analogclock\main.c(177): warning C4244: "Funktion": Konvertierung von "double" in "int", möglicher Datenverlust
c:\users\bilocan\documents\th\gui\praktikum\analogclock\main.c(178): warning C4244: "Funktion": Konvertierung von "double" in "int", möglicher Datenverlust
c:\users\bilocan\documents\th\gui\praktikum\analogclock\main.c(179): warning C4244: "Funktion": Konvertierung von "double" in "int", möglicher Datenverlust
c:\users\bilocan\documents\th\gui\praktikum\analogclock\main.c(180): warning C4244: "Funktion": Konvertierung von "double" in "int", möglicher Datenverlust
c:\users\bilocan\documents\th\gui\praktikum\analogclock\main.c(181): warning C4244: "Funktion": Konvertierung von "double" in "int", möglicher Datenverlust
c:\users\bilocan\documents\th\gui\praktikum\analogclock\main.c(183): warning C4244: "Funktion": Konvertierung von "double" in "int", möglicher Datenverlust
c:\users\bilocan\documents\th\gui\praktikum\analogclock\main.c(184): warning C4244: "Funktion": Konvertierung von "double" in "int", möglicher Datenverlust
c:\users\bilocan\documents\th\gui\praktikum\analogclock\main.c(185): warning C4244: "Funktion": Konvertierung von "double" in "int", möglicher Datenverlust
c:\users\bilocan\documents\th\gui\praktikum\analogclock\main.c(186): warning C4244: "Funktion": Konvertierung von "double" in "int", möglicher Datenverlust
c:\users\bilocan\documents\th\gui\praktikum\analogclock\main.c(187): warning C4244: "Funktion": Konvertierung von "double" in "int", möglicher Datenverlust
c:\users\bilocan\documents\th\gui\praktikum\analogclock\main.c(188): warning C4244: "Funktion": Konvertierung von "double" in "int", möglicher Datenverlust
c:\users\bilocan\documents\th\gui\praktikum\analogclock\main.c(189): warning C4244: "Funktion": Konvertierung von "double" in "int", möglicher Datenverlust
c:\users\bilocan\documents\th\gui\praktikum\analogclock\main.c(190): warning C4244: "Funktion": Konvertierung von "double" in "int", möglicher Datenverlust
c:\users\bilocan\documents\th\gui\praktikum\analogclock\main.c(192): warning C4244: "Funktion": Konvertierung von "double" in "int", möglicher Datenverlust
c:\users\bilocan\documents\th\gui\praktikum\analogclock\main.c(193): warning C4244: "Funktion": Konvertierung von "double" in "int", möglicher Datenverlust
c:\users\bilocan\documents\th\gui\praktikum\analogclock\main.c(194): warning C4244: "Funktion": Konvertierung von "double" in "int", möglicher Datenverlust
c:\users\bilocan\documents\th\gui\praktikum\analogclock\main.c(195): warning C4244: "Funktion": Konvertierung von "double" in "int", möglicher Datenverlust
c:\users\bilocan\documents\th\gui\praktikum\analogclock\main.c(196): warning C4244: "Funktion": Konvertierung von "double" in "int", möglicher Datenverlust
c:\users\bilocan\documents\th\gui\praktikum\analogclock\main.c(197): warning C4244: "Funktion": Konvertierung von "double" in "int", möglicher Datenverlust
c:\users\bilocan\documents\th\gui\praktikum\analogclock\main.c(198): warning C4244: "Funktion": Konvertierung von "double" in "int", möglicher Datenverlust
c:\users\bilocan\documents\th\gui\praktikum\analogclock\main.c(199): warning C4244: "Funktion": Konvertierung von "double" in "int", möglicher Datenverlust
c:\users\bilocan\documents\th\gui\praktikum\analogclock\main.c(200): warning C4244: "Funktion": Konvertierung von "double" in "int", möglicher Datenverlust
c:\users\bilocan\documents\th\gui\praktikum\analogclock\main.c(201): warning C4244: "Funktion": Konvertierung von "double" in "int", möglicher Datenverlust
c:\users\bilocan\documents\th\gui\praktikum\analogclock\main.c(203): warning C4244: "Funktion": Konvertierung von "double" in "int", möglicher Datenverlust
c:\users\bilocan\documents\th\gui\praktikum\analogclock\main.c(204): warning C4244: "Funktion": Konvertierung von "double" in "int", möglicher Datenverlust
c:\users\bilocan\documents\th\gui\praktikum\analogclock\main.c(205): warning C4244: "Funktion": Konvertierung von "double" in "int", möglicher Datenverlust
c:\users\bilocan\documents\th\gui\praktikum\analogclock\main.c(206): warning C4244: "Funktion": Konvertierung von "double" in "int", möglicher Datenverlust
c:\users\bilocan\documents\th\gui\praktikum\analogclock\main.c(207): warning C4244: "Funktion": Konvertierung von "double" in "int", möglicher Datenverlust
c:\users\bilocan\documents\th\gui\praktikum\analogclock\main.c(208): warning C4244: "Funktion": Konvertierung von "double" in "int", möglicher Datenverlust
c:\users\bilocan\documents\th\gui\praktikum\analogclock\main.c(210): warning C4244: "Funktion": Konvertierung von "double" in "int", möglicher Datenverlust
c:\users\bilocan\documents\th\gui\praktikum\analogclock\main.c(211): warning C4244: "Funktion": Konvertierung von "double" in "int", möglicher Datenverlust
c:\users\bilocan\documents\th\gui\praktikum\analogclock\main.c(212): warning C4244: "Funktion": Konvertierung von "double" in "int", möglicher Datenverlust
c:\users\bilocan\documents\th\gui\praktikum\analogclock\main.c(213): warning C4244: "Funktion": Konvertierung von "double" in "int", möglicher Datenverlust
c:\users\bilocan\documents\th\gui\praktikum\analogclock\main.c(215): warning C4244: "Funktion": Konvertierung von "double" in "int", möglicher Datenverlust
c:\users\bilocan\documents\th\gui\praktikum\analogclock\main.c(216): warning C4244: "Funktion": Konvertierung von "double" in "int", möglicher Datenverlust
c:\users\bilocan\documents\th\gui\praktikum\analogclock\main.c(217): warning C4244: "Funktion": Konvertierung von "double" in "int", möglicher Datenverlust
c:\users\bilocan\documents\th\gui\praktikum\analogclock\main.c(218): warning C4244: "Funktion": Konvertierung von "double" in "int", möglicher Datenverlust
c:\users\bilocan\documents\th\gui\praktikum\analogclock\main.c(219): warning C4244: "Funktion": Konvertierung von "double" in "int", möglicher Datenverlust
c:\users\bilocan\documents\th\gui\praktikum\analogclock\main.c(220): warning C4244: "Funktion": Konvertierung von "double" in "int", möglicher Datenverlust
c:\users\bilocan\documents\th\gui\praktikum\analogclock\main.c(249): warning C4101: "hIcon": Unreferenzierte lokale Variable
c:\users\bilocan\documents\th\gui\praktikum\analogclock\main.c(249): warning C4101: "hIconSm": Unreferenzierte lokale Variable
  AnalogClock.vcxproj -> C:\Users\bilocan\Documents\TH\GUI\Praktikum\AnalogClock\Debug\AnalogClock.exe
